<?xml version="1.0" encoding="UTF-8"?>
<testsuites name="Login" time="47" tests="1" failures="0" errors="0">
   <testsuite name="Login" tests="1" failures="0" errors="0" time="47" timestamp="2019-04-02 01:33:48" hostname="WIN-0KUU280OO9U$ - 10.240.211.127" id="Test Suites/Login">
      <properties>
         <property name="deviceName" value=""/>
         <property name="devicePlatform" value=""/>
         <property name="logFolder" value="C:\\Users\\Administrator\\Downloads\\LXCA-UI\\LXCA-UI\\Reports\\Login\\20190402_013345"/>
         <property name="logFiles" value="C:\\Users\\Administrator\\Downloads\\LXCA-UI\\LXCA-UI\\Reports\\Login\\20190402_013345\\execution0.log"/>
         <property name="attachments" value=""/>
         <property name="hostName" value="WIN-0KUU280OO9U$ - 10.240.211.127"/>
         <property name="os" value="Windows Server 2012 R2 64bit"/>
         <property name="katalonVersion" value="6.1.0.1"/>
         <property name="browser" value="Chrome 73.0.3683.86"/>
         <property name="hostAddress" value="10.240.211.127"/>
         <property name="sessionId" value="165d751f8e7a47041e132a8370533ce4"/>
         <property name="seleniumVersion" value="3.7.1"/>
         <property name="proxyInformation" value="ProxyInformation{proxyOption=NO_PROXY, proxyServerType=HTTP, password=, proxyServerAddress=, proxyServerPort=0}"/>
         <property name="platform" value="Windows Server 2012 R2"/>
      </properties>
      <testcase name="Test Cases/Login" classname="Test Cases/Login" status="PASSED">
         <system-out><![CDATA[2019-04-02 01:33:49 - [TEST_CASE][PASSED] - Test Cases/Login: Test Cases/Login

2019-04-02 01:33:49 - [TEST_STEP][PASSED] - openBrowser(""): Browser is opened with url: ''

2019-04-02 01:33:50 - [MESSAGE][INFO] - Starting 'Chrome' driver

2019-04-02 01:33:50 - [MESSAGE][INFO] - Action delay is set to 1 seconds

2019-04-02 01:33:55 - [MESSAGE][PASSED] - Browser is opened with url: ''

2019-04-02 01:33:55 - [TEST_STEP][PASSED] - navigateToUrl("https://10.240.198.47/ui/login.html"): Navigate to 'https://10.240.198.47/ui/login.html' successfully

2019-04-02 01:33:57 - [MESSAGE][PASSED] - Navigate to 'https://10.240.198.47/ui/login.html' successfully

2019-04-02 01:33:57 - [TEST_STEP][PASSED] - setText(findTestObject("Object Repository/Page_1024019847 - Lenovo XClarity Administrator  Login/input_User name_username"), G_login): Text 'USERID1' is set on object 'Object Repository/Page_1024019847 - Lenovo XClarity Administrator  Login/input_User name_username'

2019-04-02 01:34:01 - [MESSAGE][PASSED] - Text 'USERID1' is set on object 'Object Repository/Page_1024019847 - Lenovo XClarity Administrator  Login/input_User name_username'

2019-04-02 01:34:01 - [TEST_STEP][PASSED] - setText(findTestObject("Object Repository/Page_1024019847 - Lenovo XClarity Administrator  Login/input_Password_password"), G_Password): Text 'Passw0rd' is set on object 'Object Repository/Page_1024019847 - Lenovo XClarity Administrator  Login/input_Password_password'

2019-04-02 01:34:05 - [MESSAGE][PASSED] - Text 'Passw0rd' is set on object 'Object Repository/Page_1024019847 - Lenovo XClarity Administrator  Login/input_Password_password'

2019-04-02 01:34:05 - [TEST_STEP][PASSED] - click(findTestObject("Object Repository/Page_1024019847 - Lenovo XClarity Administrator  Login/span_Log In_1")): Object: 'Object Repository/Page_1024019847 - Lenovo XClarity Administrator  Login/span_Log In_1' is clicked on

2019-04-02 01:34:07 - [MESSAGE][PASSED] - Object: 'Object Repository/Page_1024019847 - Lenovo XClarity Administrator  Login/span_Log In_1' is clicked on

2019-04-02 01:34:07 - [TEST_STEP][PASSED] - click(findTestObject("Object Repository/Page_1024019847 - Lenovo XClarity Administrator/div_Hardware")): Object: 'Object Repository/Page_1024019847 - Lenovo XClarity Administrator/div_Hardware' is clicked on

2019-04-02 01:34:11 - [MESSAGE][PASSED] - Object: 'Object Repository/Page_1024019847 - Lenovo XClarity Administrator/div_Hardware' is clicked on

2019-04-02 01:34:11 - [TEST_STEP][PASSED] - click(findTestObject("Object Repository/Page_1024019847 - Lenovo XClarity Administrator/td_Discover and Manage New Devices")): Object: 'Object Repository/Page_1024019847 - Lenovo XClarity Administrator/td_Discover and Manage New Devices' is clicked on

2019-04-02 01:34:13 - [MESSAGE][PASSED] - Object: 'Object Repository/Page_1024019847 - Lenovo XClarity Administrator/td_Discover and Manage New Devices' is clicked on

2019-04-02 01:34:13 - [TEST_STEP][PASSED] - click(findTestObject("Object Repository/Page_1024019847 - Lenovo XClarity Administrator/span_Manual Input")): Object: 'Object Repository/Page_1024019847 - Lenovo XClarity Administrator/span_Manual Input' is clicked on

2019-04-02 01:34:15 - [MESSAGE][PASSED] - Object: 'Object Repository/Page_1024019847 - Lenovo XClarity Administrator/span_Manual Input' is clicked on

2019-04-02 01:34:15 - [TEST_STEP][PASSED] - setText(findTestObject("Object Repository/Page_1024019847 - Lenovo XClarity Administrator/input_Host Name or IP Address_lxca_customUI_discovery_discovery_0_manualIputDialog0_singleIPaddrId"), "10.240.193.218"): Text '10.240.193.218' is set on object 'Object Repository/Page_1024019847 - Lenovo XClarity Administrator/input_Host Name or IP Address_lxca_customUI_discovery_discovery_0_manualIputDialog0_singleIPaddrId'

2019-04-02 01:34:20 - [MESSAGE][PASSED] - Text '10.240.193.218' is set on object 'Object Repository/Page_1024019847 - Lenovo XClarity Administrator/input_Host Name or IP Address_lxca_customUI_discovery_discovery_0_manualIputDialog0_singleIPaddrId'

2019-04-02 01:34:20 - [TEST_STEP][PASSED] - click(findTestObject("Object Repository/Page_1024019847 - Lenovo XClarity Administrator/span_OK")): Object: 'Object Repository/Page_1024019847 - Lenovo XClarity Administrator/span_OK' is clicked on

2019-04-02 01:34:22 - [MESSAGE][PASSED] - Object: 'Object Repository/Page_1024019847 - Lenovo XClarity Administrator/span_OK' is clicked on

2019-04-02 01:34:22 - [TEST_STEP][PASSED] - waitForPageLoad(10): Wait for page load successfully

2019-04-02 01:34:23 - [MESSAGE][PASSED] - Wait for page load successfully

2019-04-02 01:34:23 - [TEST_STEP][PASSED] - click(findTestObject("Object Repository/Page_1024019847 - Lenovo XClarity Administrator/div_Stored Credentials_dijitReset dijitArrowButtonInner")): Object: 'Object Repository/Page_1024019847 - Lenovo XClarity Administrator/div_Stored Credentials_dijitReset dijitArrowButtonInner' is clicked on

2019-04-02 01:34:27 - [MESSAGE][PASSED] - Object: 'Object Repository/Page_1024019847 - Lenovo XClarity Administrator/div_Stored Credentials_dijitReset dijitArrowButtonInner' is clicked on

2019-04-02 01:34:27 - [TEST_STEP][PASSED] - click(findTestObject("Object Repository/Page_1024019847 - Lenovo XClarity Administrator/td_")): Object: 'Object Repository/Page_1024019847 - Lenovo XClarity Administrator/td_' is clicked on

2019-04-02 01:34:29 - [MESSAGE][PASSED] - Object: 'Object Repository/Page_1024019847 - Lenovo XClarity Administrator/td_' is clicked on

2019-04-02 01:34:29 - [TEST_STEP][PASSED] - click(findTestObject("Object Repository/Page_1024019847 - Lenovo XClarity Administrator/input__dijit_form_CheckBox_4")): Object: 'Object Repository/Page_1024019847 - Lenovo XClarity Administrator/input__dijit_form_CheckBox_4' is clicked on

2019-04-02 01:34:31 - [MESSAGE][PASSED] - Object: 'Object Repository/Page_1024019847 - Lenovo XClarity Administrator/input__dijit_form_CheckBox_4' is clicked on

2019-04-02 01:34:31 - [TEST_STEP][PASSED] - click(findTestObject("Object Repository/Page_1024019847 - Lenovo XClarity Administrator/span_Manage")): Object: 'Object Repository/Page_1024019847 - Lenovo XClarity Administrator/span_Manage' is clicked on

2019-04-02 01:34:33 - [MESSAGE][PASSED] - Object: 'Object Repository/Page_1024019847 - Lenovo XClarity Administrator/span_Manage' is clicked on

2019-04-02 01:34:33 - [TEST_STEP][PASSED] - waitForPageLoad(30): Wait for page load successfully

2019-04-02 01:34:34 - [MESSAGE][PASSED] - Wait for page load successfully

2019-04-02 01:34:34 - [TEST_STEP][PASSED] - closeBrowser(): Browser is closed

2019-04-02 01:34:36 - [MESSAGE][PASSED] - Browser is closed]]></system-out>
         <system-err><![CDATA[]]></system-err>
      </testcase>
      <system-out><![CDATA[2019-04-02 01:33:48 - [TEST_SUITE][PASSED] - Login: Test Cases/Login]]></system-out>
      <system-err><![CDATA[]]></system-err>
   </testsuite>
</testsuites>
